c:\users\prém ferenc\documents\github\sdl2_snake\snake_game\x64\debug\vc143.pdb
c:\users\prém ferenc\documents\github\sdl2_snake\snake_game\x64\debug\vc143.idb
c:\users\prém ferenc\documents\github\sdl2_snake\snake_game\x64\debug\snake.obj
c:\users\prém ferenc\documents\github\sdl2_snake\snake_game\x64\debug\map.obj
c:\users\prém ferenc\documents\github\sdl2_snake\snake_game\x64\debug\apple.obj
c:\users\prém ferenc\documents\github\sdl2_snake\snake_game\x64\debug\game.obj
c:\users\prém ferenc\documents\github\sdl2_snake\snake_game\x64\debug\menu.obj
c:\users\prém ferenc\documents\github\sdl2_snake\snake_game\x64\debug\main.obj
c:\users\prém ferenc\documents\github\sdl2_snake\x64\debug\snake_game.exe
c:\users\prém ferenc\documents\github\sdl2_snake\x64\debug\snake_game.pdb
c:\users\prém ferenc\documents\github\sdl2_snake\snake_game\x64\debug\snake_game.ilk
c:\users\prém ferenc\documents\github\sdl2_snake\snake_game\x64\debug\snake_game.obj
c:\users\prém ferenc\documents\github\sdl2_snake\snake_game\x64\debug\snake_game.tlog\cl.command.1.tlog
c:\users\prém ferenc\documents\github\sdl2_snake\snake_game\x64\debug\snake_game.tlog\cl.items.tlog
c:\users\prém ferenc\documents\github\sdl2_snake\snake_game\x64\debug\snake_game.tlog\cl.read.1.tlog
c:\users\prém ferenc\documents\github\sdl2_snake\snake_game\x64\debug\snake_game.tlog\cl.write.1.tlog
c:\users\prém ferenc\documents\github\sdl2_snake\snake_game\x64\debug\snake_game.tlog\link.command.1.tlog
c:\users\prém ferenc\documents\github\sdl2_snake\snake_game\x64\debug\snake_game.tlog\link.read.1.tlog
c:\users\prém ferenc\documents\github\sdl2_snake\snake_game\x64\debug\snake_game.tlog\link.secondary.1.tlog
c:\users\prém ferenc\documents\github\sdl2_snake\snake_game\x64\debug\snake_game.tlog\link.write.1.tlog
